2026-07-12T14:24:20+06:00 CRITICAL ================================================================
[2026-07-12 08:24:20] CRITICAL  Fatal error
----------------------------------------------------------------
Message : Uncaught Error: Call to a member function get_gallery_image_ids() on bool in /opt/lampp/htdocs/wordpress/wp-content/plugins/elementor/modules/ai/module.php:351
File    : wp-content/plugins/elementor/modules/ai/module.php:351
Status  : FAILED

Trace:
#0 /opt/lampp/htdocs/wordpress/wp-includes/class-wp-hook.php(341): Elementor\Modules\Ai\Module->get_product_images_ajax('')
#1 /opt/lampp/htdocs/wordpress/wp-includes/class-wp-hook.php(365): WP_Hook->apply_filters('', Array)
#2 /opt/lampp/htdocs/wordpress/wp-includes/plugin.php(522): WP_Hook->do_action(Array)
#3 /opt/lampp/htdocs/wordpress/wp-admin/admin-ajax.php(192): do_action('wp_ajax_element...')
#4 {main}
  thrown
================================================================
2026-07-12T14:24:20+06:00 CRITICAL ================================================================
[2026-07-12 08:24:20] CRITICAL  Fatal error
----------------------------------------------------------------
Message : Uncaught Error: Call to a member function get_gallery_image_ids() on bool in /opt/lampp/htdocs/wordpress/wp-content/plugins/elementor/modules/ai/module.php:351
File    : wp-content/plugins/elementor/modules/ai/module.php:351
Status  : FAILED

Trace:
#0 /opt/lampp/htdocs/wordpress/wp-includes/class-wp-hook.php(341): Elementor\Modules\Ai\Module->get_product_images_ajax('')
#1 /opt/lampp/htdocs/wordpress/wp-includes/class-wp-hook.php(365): WP_Hook->apply_filters('', Array)
#2 /opt/lampp/htdocs/wordpress/wp-includes/plugin.php(522): WP_Hook->do_action(Array)
#3 /opt/lampp/htdocs/wordpress/wp-admin/admin-ajax.php(192): do_action('wp_ajax_element...')
#4 {main}
  thrown
================================================================
2026-07-12T14:24:20+06:00 CRITICAL ================================================================
[2026-07-12 08:24:20] CRITICAL  Fatal error
----------------------------------------------------------------
Message : Uncaught Error: Call to a member function get_gallery_image_ids() on bool in /opt/lampp/htdocs/wordpress/wp-content/plugins/elementor/modules/ai/module.php:351
File    : wp-content/plugins/elementor/modules/ai/module.php:351
Status  : FAILED

Trace:
#0 /opt/lampp/htdocs/wordpress/wp-includes/class-wp-hook.php(341): Elementor\Modules\Ai\Module->get_product_images_ajax('')
#1 /opt/lampp/htdocs/wordpress/wp-includes/class-wp-hook.php(365): WP_Hook->apply_filters('', Array)
#2 /opt/lampp/htdocs/wordpress/wp-includes/plugin.php(522): WP_Hook->do_action(Array)
#3 /opt/lampp/htdocs/wordpress/wp-admin/admin-ajax.php(192): do_action('wp_ajax_element...')
#4 {main}
  thrown
================================================================
2026-07-12T14:24:20+06:00 CRITICAL ================================================================
[2026-07-12 08:24:20] CRITICAL  Fatal error
----------------------------------------------------------------
Message : Uncaught Error: Call to a member function get_gallery_image_ids() on bool in /opt/lampp/htdocs/wordpress/wp-content/plugins/elementor/modules/ai/module.php:351
File    : wp-content/plugins/elementor/modules/ai/module.php:351
Status  : FAILED

Trace:
#0 /opt/lampp/htdocs/wordpress/wp-includes/class-wp-hook.php(341): Elementor\Modules\Ai\Module->get_product_images_ajax('')
#1 /opt/lampp/htdocs/wordpress/wp-includes/class-wp-hook.php(365): WP_Hook->apply_filters('', Array)
#2 /opt/lampp/htdocs/wordpress/wp-includes/plugin.php(522): WP_Hook->do_action(Array)
#3 /opt/lampp/htdocs/wordpress/wp-admin/admin-ajax.php(192): do_action('wp_ajax_element...')
#4 {main}
  thrown
================================================================
2026-07-12T14:30:38+06:00 CRITICAL ================================================================
[2026-07-12 08:30:38] CRITICAL  Fatal error
----------------------------------------------------------------
Message : Uncaught Error: Call to a member function get_gallery_image_ids() on bool in /opt/lampp/htdocs/wordpress/wp-content/plugins/elementor/modules/ai/module.php:351
File    : wp-content/plugins/elementor/modules/ai/module.php:351
Status  : FAILED

Trace:
#0 /opt/lampp/htdocs/wordpress/wp-includes/class-wp-hook.php(341): Elementor\Modules\Ai\Module->get_product_images_ajax('')
#1 /opt/lampp/htdocs/wordpress/wp-includes/class-wp-hook.php(365): WP_Hook->apply_filters('', Array)
#2 /opt/lampp/htdocs/wordpress/wp-includes/plugin.php(522): WP_Hook->do_action(Array)
#3 /opt/lampp/htdocs/wordpress/wp-admin/admin-ajax.php(192): do_action('wp_ajax_element...')
#4 {main}
  thrown
================================================================
2026-07-12T14:30:38+06:00 CRITICAL ================================================================
[2026-07-12 08:30:38] CRITICAL  Fatal error
----------------------------------------------------------------
Message : Uncaught Error: Call to a member function get_gallery_image_ids() on bool in /opt/lampp/htdocs/wordpress/wp-content/plugins/elementor/modules/ai/module.php:351
File    : wp-content/plugins/elementor/modules/ai/module.php:351
Status  : FAILED

Trace:
#0 /opt/lampp/htdocs/wordpress/wp-includes/class-wp-hook.php(341): Elementor\Modules\Ai\Module->get_product_images_ajax('')
#1 /opt/lampp/htdocs/wordpress/wp-includes/class-wp-hook.php(365): WP_Hook->apply_filters('', Array)
#2 /opt/lampp/htdocs/wordpress/wp-includes/plugin.php(522): WP_Hook->do_action(Array)
#3 /opt/lampp/htdocs/wordpress/wp-admin/admin-ajax.php(192): do_action('wp_ajax_element...')
#4 {main}
  thrown
================================================================
2026-07-12T14:30:38+06:00 CRITICAL ================================================================
[2026-07-12 08:30:38] CRITICAL  Fatal error
----------------------------------------------------------------
Message : Uncaught Error: Call to a member function get_gallery_image_ids() on bool in /opt/lampp/htdocs/wordpress/wp-content/plugins/elementor/modules/ai/module.php:351
File    : wp-content/plugins/elementor/modules/ai/module.php:351
Status  : FAILED

Trace:
#0 /opt/lampp/htdocs/wordpress/wp-includes/class-wp-hook.php(341): Elementor\Modules\Ai\Module->get_product_images_ajax('')
#1 /opt/lampp/htdocs/wordpress/wp-includes/class-wp-hook.php(365): WP_Hook->apply_filters('', Array)
#2 /opt/lampp/htdocs/wordpress/wp-includes/plugin.php(522): WP_Hook->do_action(Array)
#3 /opt/lampp/htdocs/wordpress/wp-admin/admin-ajax.php(192): do_action('wp_ajax_element...')
#4 {main}
  thrown
================================================================
2026-07-12T14:30:38+06:00 CRITICAL ================================================================
[2026-07-12 08:30:38] CRITICAL  Fatal error
----------------------------------------------------------------
Message : Uncaught Error: Call to a member function get_gallery_image_ids() on bool in /opt/lampp/htdocs/wordpress/wp-content/plugins/elementor/modules/ai/module.php:351
File    : wp-content/plugins/elementor/modules/ai/module.php:351
Status  : FAILED

Trace:
#0 /opt/lampp/htdocs/wordpress/wp-includes/class-wp-hook.php(341): Elementor\Modules\Ai\Module->get_product_images_ajax('')
#1 /opt/lampp/htdocs/wordpress/wp-includes/class-wp-hook.php(365): WP_Hook->apply_filters('', Array)
#2 /opt/lampp/htdocs/wordpress/wp-includes/plugin.php(522): WP_Hook->do_action(Array)
#3 /opt/lampp/htdocs/wordpress/wp-admin/admin-ajax.php(192): do_action('wp_ajax_element...')
#4 {main}
  thrown
================================================================
